Arguments: 
  /usr/local/bin/node /usr/local/bin/yarn add @nextui-org/react~

PATH: 
  /usr/local/bin:/usr/bin:/bin:/usr/sbin:/sbin:/Library/Apple/usr/bin:/usr/local/mysql-8.0.32-macos13-x86_64/bin:/usr/local/mysql-8.0.32-macos13-x86_64/bin

Yarn version: 
  1.22.19

Node version: 
  18.14.2

Platform: 
  darwin x64

Trace: 
  Error: https://registry.yarnpkg.com/@nextui-org%2freact~: Not found
      at params.callback [as _callback] (/usr/local/lib/node_modules/yarn/lib/cli.js:66145:18)
      at self.callback (/usr/local/lib/node_modules/yarn/lib/cli.js:140890:22)
      at Request.emit (node:events:513:28)
      at Request.<anonymous> (/usr/local/lib/node_modules/yarn/lib/cli.js:141862:10)
      at Request.emit (node:events:513:28)
      at IncomingMessage.<anonymous> (/usr/local/lib/node_modules/yarn/lib/cli.js:141784:12)
      at Object.onceWrapper (node:events:627:28)
      at IncomingMessage.emit (node:events:525:35)
      at endReadableNT (node:internal/streams/readable:1359:12)
      at process.processTicksAndRejections (node:internal/process/task_queues:82:21)

npm manifest: 
  {
    "name": "admin",
    "version": "0.1.0",
    "private": true,
    "scripts": {
      "dev": "next dev",
      "build": "next build",
      "start": "next start",
      "lint": "next lint"
    },
    "dependencies": {
      "@next/font": "13.1.1",
      "axios": "^1.2.2",
      "crypto": "^1.0.1",
      "crypto-js": "^4.1.1",
      "lodash": "^4.17.21",
      "minio": "^7.0.32",
      "moment": "^2.29.4",
      "next": "^13.2.3",
      "nprogress": "^0.2.0",
      "react": "18.2.0",
      "react-dom": "18.2.0",
      "react-toastify": "^9.1.1",
      "rsuite": "^5.24.0",
      "sharp": "^0.31.3"
    }
  }

yarn manifest: 
  No manifest

Lockfile: 
  No lockfile
